Unity Editor version:    6000.1.6f1 (d64b1a599cad)
Branch:                  6000.1/staging
Build type:              Release
Batch mode:              YES
macOS version:           Version 15.5 (Build 24F74)
Darwin version:          24.5.0
Architecture:            arm64
Running under Rosetta:   NO
Available memory:        16384 MB
Date:                    2025-07-11T04:43:14Z
Using pre-set license
Pro License: YES

COMMAND LINE ARGUMENTS:
/Applications/Unity/Hub/Editor/6000.1.6f1/Unity.app/Contents/MacOS/Unity
-adb2
-batchMode
-noUpm
-name
AssetImportWorker0
-projectPath
/Users/changshengyu/Library/Mobile Documents/com~apple~CloudDocs/ゼミUnity/My project (2)
-logFile
Logs/AssetImportWorker0.log
-srvPort
64550
-job-worker-count
4
-background-job-worker-count
8
-gc-helper-count
1
-name AssetImport
Successfully changed project path to: /Users/changshengyu/Library/Mobile Documents/com~apple~CloudDocs/ゼミUnity/My project (2)
/Users/changshengyu/Library/Mobile Documents/com~apple~CloudDocs/ゼミUnity/My project (2)
[UnityMemory] Configuration Parameters - Can be set up in boot.config
    "memorysetup-allocator-temp-initial-block-size-main=262144"
    "memorysetup-allocator-temp-initial-block-size-worker=262144"
    "memorysetup-bucket-allocator-granularity=16"
    "memorysetup-bucket-allocator-bucket-count=8"
    "memorysetup-bucket-allocator-block-size=33554432"
    "memorysetup-bucket-allocator-block-count=8"
    "memorysetup-main-allocator-block-size=16777216"
    "memorysetup-thread-allocator-block-size=16777216"
    "memorysetup-gfx-main-allocator-block-size=16777216"
    "memorysetup-gfx-thread-allocator-block-size=16777216"
    "memorysetup-cache-allocator-block-size=4194304"
    "memorysetup-typetree-allocator-block-size=2097152"
    "memorysetup-profiler-bucket-allocator-granularity=16"
    "memorysetup-profiler-bucket-allocator-bucket-count=8"
    "memorysetup-profiler-bucket-allocator-block-size=33554432"
    "memorysetup-profiler-bucket-allocator-block-count=8"
    "memorysetup-profiler-allocator-block-size=16777216"
    "memorysetup-profiler-editor-allocator-block-size=1048576"
    "memorysetup-temp-allocator-size-main=16777216"
    "memorysetup-job-temp-allocator-block-size=2097152"
    "memorysetup-job-temp-allocator-block-size-background=1048576"
    "memorysetup-job-temp-allocator-reduction-small-platforms=262144"
    "memorysetup-temp-allocator-size-background-worker=32768"
    "memorysetup-temp-allocator-size-job-worker=262144"
    "memorysetup-temp-allocator-size-preload-manager=33554432"
    "memorysetup-temp-allocator-size-nav-mesh-worker=65536"
    "memorysetup-temp-allocator-size-audio-worker=65536"
    "memorysetup-temp-allocator-size-cloud-worker=32768"
    "memorysetup-temp-allocator-size-gi-baking-worker=262144"
    "memorysetup-temp-allocator-size-gi-baking-worker=262144"
    "memorysetup-temp-allocator-size-gi-baking-worker=262144"
    "memorysetup-temp-allocator-size-gi-baking-worker=262144"
    "memorysetup-temp-allocator-size-gi-baking-worker=262144"
    "memorysetup-temp-allocator-size-gfx=262144"
Player connection [8689852160]  Target information:

Player connection [8689852160]  * "[IP] 172.22.3.112 [Port] 0 [Flags] 2 [Guid] 1288161748 [EditorId] 1288161748 [Version] 1048832 [Id] OSXEditor(0,zhangshengyudeMacBook-Pro.local) [Debug] 1 [PackageName] OSXEditor [ProjectName] Editor" 

Player connection [8689852160] Host joined multi-casting on [225.0.0.222:54997]...
Player connection [8689852160] Host joined alternative multi-casting on [225.0.0.222:34997]...
JobSystem: Creating JobQueue using job-worker-count value 4
Input System module state changed to: Initialized.
[Physics::Module] Initialized fallback backend.
[Physics::Module] Id: 0xdecafbad
Library Redirect Path: Library/
[Physics::Module] Selected backend.
[Physics::Module] Name: PhysX
[Physics::Module] Id: 0xf2b8ea05
[Physics::Module] SDK Version: 4.1.2
[Physics::Module] Integration Version: 1.0.0
[Physics::Module] Threading Mode: Multi-Threaded
Refreshing native plugins compatible for Editor in 4.08 ms, found 2 plugins.
Preloading 0 native plugins for Editor in 0.00 ms.
Initialize engine version: 6000.1.6f1 (d64b1a599cad)
[Subsystems] Discovering subsystems at path /Applications/Unity/Hub/Editor/6000.1.6f1/Unity.app/Contents/Resources/UnitySubsystems
[Subsystems] Discovering subsystems at path /Users/changshengyu/Library/Mobile Documents/com~apple~CloudDocs/ゼミUnity/My project (2)/Assets
GfxDevice: creating device client; kGfxThreadingModeNonThreaded
 preferred device: Apple M2 Pro (high power)
Metal devices available: 1
0: Apple M2 Pro (high power)
Using device Apple M2 Pro (high power)
Initializing Metal device caps: Apple M2 Pro
Initialize mono
Mono path[0] = '/Applications/Unity/Hub/Editor/6000.1.6f1/Unity.app/Contents/Managed'
Mono path[1] = '/Applications/Unity/Hub/Editor/6000.1.6f1/Unity.app/Contents/MonoBleedingEdge/lib/mono/unityjit-macos'
Mono config path = '/Applications/Unity/Hub/Editor/6000.1.6f1/Unity.app/Contents/MonoBleedingEdge/etc'
Using monoOptions --debugger-agent=transport=dt_socket,embedding=1,server=y,suspend=n,address=127.0.0.1:56397
Begin MonoManager ReloadAssembly
Registering precompiled unity dll's ...
Register platform support module: /Applications/Unity/Hub/Editor/6000.1.6f1/PlaybackEngines/WebGLSupport/UnityEditor.WebGL.Extensions.dll
Register platform support module: /Applications/Unity/Hub/Editor/6000.1.6f1/Unity.app/Contents/PlaybackEngines/MacStandaloneSupport/UnityEditor.OSXStandalone.Extensions.dll
Register platform support module: /Applications/Unity/Hub/Editor/6000.1.6f1/PlaybackEngines/iOSSupport/UnityEditor.iOS.Extensions.dll
Registered in 0.000407 seconds.
- Loaded All Assemblies, in  0.277 seconds
[usbmuxd] Start listen thread
[usbmuxd] Listen thread started
[usbmuxd] Send listen message
Native extension for iOS target not found
Native extension for OSXStandalone target not found
Native extension for WebGL target not found
Mono: successfully reloaded assembly
- Finished resetting the current domain, in  0.300 seconds
Domain Reload Profiling: 577ms
	BeginReloadAssembly (96ms)
		ExecutionOrderSort (0ms)
		DisableScriptedObjects (0ms)
		BackupInstance (0ms)
		ReleaseScriptingObjects (0ms)
		CreateAndSetChildDomain (0ms)
	RebuildCommonClasses (25ms)
	RebuildNativeTypeToScriptingClass (10ms)
	initialDomainReloadingComplete (32ms)
	LoadAllAssembliesAndSetupDomain (114ms)
		LoadAssemblies (96ms)
		RebuildTransferFunctionScriptingTraits (0ms)
		AnalyzeDomain (113ms)
			TypeCache.Refresh (111ms)
				TypeCache.ScanAssembly (101ms)
			BuildScriptInfoCaches (0ms)
			ResolveRequiredComponents (1ms)
	FinalizeReload (300ms)
		ReleaseScriptCaches (0ms)
		RebuildScriptCaches (0ms)
		SetupLoadedEditorAssemblies (269ms)
			LogAssemblyErrors (0ms)
			InitializePlatformSupportModulesInManaged (84ms)
			SetLoadedEditorAssemblies (3ms)
			BeforeProcessingInitializeOnLoad (53ms)
			ProcessInitializeOnLoadAttributes (89ms)
			ProcessInitializeOnLoadMethodAttributes (41ms)
			AfterProcessingInitializeOnLoad (0ms)
			EditorAssembliesLoaded (0ms)
		ExecutionOrderSort2 (0ms)
		AwakeInstancesAfterBackupRestoration (0ms)
========================================================================
Worker process is ready to serve import requests
Import Worker Mode flag is 0x00
Begin MonoManager ReloadAssembly
Duplicate assembly 'log4net.dll' with different versions detected, using 'Packages/com.unity.package-validation-suite/Lib/Editor/log4net.dll, AssemblyName=log4net, Version=2.0.8.0, Culture=neutral, PublicKeyToken=669e0ddf0bb1aa2a' and ignoring 'Packages/com.unity.collab-proxy/Lib/Editor/log4netPlastic.dll, AssemblyName=log4net, Version=1.2.15.0, Culture=neutral, PublicKeyToken=669e0ddf0bb1aa2a'.- Loaded All Assemblies, in  0.576 seconds
Refreshing native plugins compatible for Editor in 0.34 ms, found 2 plugins.
Native extension for iOS target not found
Native extension for OSXStandalone target not found
Native extension for WebGL target not found
Mono: successfully reloaded assembly
- Finished resetting the current domain, in  0.465 seconds
Domain Reload Profiling: 1041ms
	BeginReloadAssembly (98ms)
		ExecutionOrderSort (0ms)
		DisableScriptedObjects (4ms)
		BackupInstance (0ms)
		ReleaseScriptingObjects (0ms)
		CreateAndSetChildDomain (25ms)
	RebuildCommonClasses (25ms)
	RebuildNativeTypeToScriptingClass (8ms)
	initialDomainReloadingComplete (22ms)
	LoadAllAssembliesAndSetupDomain (422ms)
		LoadAssemblies (260ms)
		RebuildTransferFunctionScriptingTraits (0ms)
		AnalyzeDomain (206ms)
			TypeCache.Refresh (161ms)
				TypeCache.ScanAssembly (144ms)
			BuildScriptInfoCaches (35ms)
			ResolveRequiredComponents (7ms)
	FinalizeReload (466ms)
		ReleaseScriptCaches (0ms)
		RebuildScriptCaches (0ms)
		SetupLoadedEditorAssemblies (391ms)
			LogAssemblyErrors (0ms)
			InitializePlatformSupportModulesInManaged (9ms)
			SetLoadedEditorAssemblies (3ms)
			BeforeProcessingInitializeOnLoad (86ms)
			ProcessInitializeOnLoadAttributes (259ms)
			ProcessInitializeOnLoadMethodAttributes (33ms)
			AfterProcessingInitializeOnLoad (1ms)
			EditorAssembliesLoaded (0ms)
		ExecutionOrderSort2 (0ms)
		AwakeInstancesAfterBackupRestoration (2ms)
WARNING: Shader Unsupported: 'Hidden/Universal Render Pipeline/Terrain/Lit (Base Pass)' - All subshaders removed
WARNING: Shader Did you use #pragma only_renderers and omit this platform?
WARNING: Shader If subshaders removal was intentional, you may have forgotten turning Fallback off?
WARNING: Shader Unsupported: 'Hidden/Universal Render Pipeline/Terrain/Lit (Base Pass)' - All subshaders removed
WARNING: Shader Did you use #pragma only_renderers and omit this platform?
WARNING: Shader If subshaders removal was intentional, you may have forgotten turning Fallback off?
WARNING: Shader Unsupported: 'Universal Render Pipeline/VR/SpatialMapping/Wireframe' - All subshaders removed
WARNING: Shader Did you use #pragma only_renderers and omit this platform?
WARNING: Shader If subshaders removal was intentional, you may have forgotten turning Fallback off?
WARNING: Shader Unsupported: 'Universal Render Pipeline/VR/SpatialMapping/Wireframe' - All subshaders removed
WARNING: Shader Did you use #pragma only_renderers and omit this platform?
WARNING: Shader If subshaders removal was intentional, you may have forgotten turning Fallback off?
WARNING: Shader Unsupported: 'Universal Render Pipeline/Terrain/Lit' - All subshaders removed
WARNING: Shader Did you use #pragma only_renderers and omit this platform?
WARNING: Shader If subshaders removal was intentional, you may have forgotten turning Fallback off?
WARNING: Shader Unsupported: 'Universal Render Pipeline/Terrain/Lit' - All subshaders removed
WARNING: Shader Did you use #pragma only_renderers and omit this platform?
WARNING: Shader If subshaders removal was intentional, you may have forgotten turning Fallback off?
Launching external process: /Applications/Unity/Hub/Editor/6000.1.6f1/Unity.app/Contents/Tools/UnityShaderCompiler
Launched and connected shader compiler UnityShaderCompiler after 0.03 seconds
Refreshing native plugins compatible for Editor in 0.41 ms, found 2 plugins.
Preloading 0 native plugins for Editor in 0.00 ms.
Unloading 149 Unused Serialized files (Serialized files now loaded: 0)
Unloading 6400 unused Assets / (5.6 MB). Loaded Objects now: 6960.
Memory consumption went from 162.2 MB to 156.6 MB.
Total: 6.182042 ms (FindLiveObjects: 0.484792 ms CreateObjectMapping: 0.240167 ms MarkObjects: 3.574209 ms  DeleteObjects: 1.882334 ms)

========================================================================
Received Import Request.
  Time since last request: 601800.514743 seconds.
  path: Assets/6.27.unity
  artifactKey: Guid(48784102f9d5c4f6fb5b17451dd68773) Importer(815301076,1909f56bfc062723c751e8b465ee728b)
Start importing Assets/6.27.unity using Guid(48784102f9d5c4f6fb5b17451dd68773) Importer(815301076,1909f56bfc062723c751e8b465ee728b) (PreviewImporter) -> (artifact id: '62d72ab2ca1adf859e05287216b8cbcd') in 0.003696708 seconds
Number of updated asset objects reloaded before import = 0Number of asset objects unloaded after import = 0

========================================================================
Received Import Request.
  Time since last request: 79.033918 seconds.
  path: Assets/Pandazole_Lowpoly_Asset_Bundle/Pandazole Survival Crafting Pack/Prefabs/Bow_01.prefab
  artifactKey: Guid(3007bf4a9099cc34599cde5a117e8b81) Importer(815301076,1909f56bfc062723c751e8b465ee728b)
Start importing Assets/Pandazole_Lowpoly_Asset_Bundle/Pandazole Survival Crafting Pack/Prefabs/Bow_01.prefab using Guid(3007bf4a9099cc34599cde5a117e8b81) Importer(815301076,1909f56bfc062723c751e8b465ee728b) (PreviewImporter) -> (artifact id: 'bc1e38334cd1709955e9a09ca6376d8b') in 0.107555333 seconds
Number of updated asset objects reloaded before import = 0Number of asset objects unloaded after import = 10

========================================================================
Received Import Request.
  Time since last request: 0.000046 seconds.
  path: Assets/Pandazole_Lowpoly_Asset_Bundle/Pandazole Nature Environment Pack/Prefabs/Cactus_01_A.prefab
  artifactKey: Guid(c8559f103b951854baecc42c34318be8) Importer(815301076,1909f56bfc062723c751e8b465ee728b)
Start importing Assets/Pandazole_Lowpoly_Asset_Bundle/Pandazole Nature Environment Pack/Prefabs/Cactus_01_A.prefab using Guid(c8559f103b951854baecc42c34318be8) Importer(815301076,1909f56bfc062723c751e8b465ee728b) (PreviewImporter) -> (artifact id: '25d653ccff1bfa86d42b91af7ffe274b') in 0.00742775 seconds
Number of updated asset objects reloaded before import = 0Number of asset objects unloaded after import = 10

========================================================================
Received Import Request.
  Time since last request: 0.000040 seconds.
  path: Assets/Pandazole_Lowpoly_Asset_Bundle/Pandazole Nature Environment Pack/Prefabs/Bush_07.prefab
  artifactKey: Guid(ffa0f996f5cdedf43a615ea7198d838e) Importer(815301076,1909f56bfc062723c751e8b465ee728b)
Start importing Assets/Pandazole_Lowpoly_Asset_Bundle/Pandazole Nature Environment Pack/Prefabs/Bush_07.prefab using Guid(ffa0f996f5cdedf43a615ea7198d838e) Importer(815301076,1909f56bfc062723c751e8b465ee728b) (PreviewImporter) -> (artifact id: 'bc827455c2fa261529f9c8554dc3234d') in 0.00646675 seconds
Number of updated asset objects reloaded before import = 0Number of asset objects unloaded after import = 10

========================================================================
Received Import Request.
  Time since last request: 0.000125 seconds.
  path: Assets/Pandazole_Lowpoly_Asset_Bundle/Pandazole Nature Environment Pack/Prefabs/Cactus_02_A.prefab
  artifactKey: Guid(46e0afb1f8d1e9a4aac76d1e879c4dd6) Importer(815301076,1909f56bfc062723c751e8b465ee728b)
Start importing Assets/Pandazole_Lowpoly_Asset_Bundle/Pandazole Nature Environment Pack/Prefabs/Cactus_02_A.prefab using Guid(46e0afb1f8d1e9a4aac76d1e879c4dd6) Importer(815301076,1909f56bfc062723c751e8b465ee728b) (PreviewImporter) -> (artifact id: 'ee3e278b8466a024c6e729c5dae72e78') in 0.004670333 seconds
Number of updated asset objects reloaded before import = 0Number of asset objects unloaded after import = 10

========================================================================
Received Import Request.
  Time since last request: 0.000036 seconds.
  path: Assets/Pandazole_Lowpoly_Asset_Bundle/Pandazole Nature Environment Pack/Prefabs/Bush_15.prefab
  artifactKey: Guid(f9ee1f02b6829bb4385061f97a96534b) Importer(815301076,1909f56bfc062723c751e8b465ee728b)
Start importing Assets/Pandazole_Lowpoly_Asset_Bundle/Pandazole Nature Environment Pack/Prefabs/Bush_15.prefab using Guid(f9ee1f02b6829bb4385061f97a96534b) Importer(815301076,1909f56bfc062723c751e8b465ee728b) (PreviewImporter) -> (artifact id: '59e1e69da6f293df148e261d9265c0bd') in 0.0038535 seconds
Number of updated asset objects reloaded before import = 0Number of asset objects unloaded after import = 10

========================================================================
Received Import Request.
  Time since last request: 0.000025 seconds.
  path: Assets/Pandazole_Lowpoly_Asset_Bundle/Pandazole Nature Environment Pack/Prefabs/Bush_01.prefab
  artifactKey: Guid(0f2c7b7467d1fae4086c5ad26e2bf9d3) Importer(815301076,1909f56bfc062723c751e8b465ee728b)
Start importing Assets/Pandazole_Lowpoly_Asset_Bundle/Pandazole Nature Environment Pack/Prefabs/Bush_01.prefab using Guid(0f2c7b7467d1fae4086c5ad26e2bf9d3) Importer(815301076,1909f56bfc062723c751e8b465ee728b) (PreviewImporter) -> (artifact id: 'b1dfdcb94d0feffb57610d545faaad10') in 0.004414083 seconds
Number of updated asset objects reloaded before import = 0Number of asset objects unloaded after import = 10

========================================================================
Received Import Request.
  Time since last request: 0.000030 seconds.
  path: Assets/Pandazole_Lowpoly_Asset_Bundle/Pandazole Nature Environment Pack/Prefabs/Bush_09.prefab
  artifactKey: Guid(99e94be356b73dd4c8a1e83f332ecbd8) Importer(815301076,1909f56bfc062723c751e8b465ee728b)
Start importing Assets/Pandazole_Lowpoly_Asset_Bundle/Pandazole Nature Environment Pack/Prefabs/Bush_09.prefab using Guid(99e94be356b73dd4c8a1e83f332ecbd8) Importer(815301076,1909f56bfc062723c751e8b465ee728b) (PreviewImporter) -> (artifact id: 'cfe2fb9a96a2fcb639c04a281123bd21') in 0.00444225 seconds
Number of updated asset objects reloaded before import = 0Number of asset objects unloaded after import = 10

========================================================================
Received Import Request.
  Time since last request: 0.000035 seconds.
  path: Assets/Pandazole_Lowpoly_Asset_Bundle/Pandazole Nature Environment Pack/Prefabs/Bush_03.prefab
  artifactKey: Guid(befc3921877d7224e9e2f6d593627c29) Importer(815301076,1909f56bfc062723c751e8b465ee728b)
Start importing Assets/Pandazole_Lowpoly_Asset_Bundle/Pandazole Nature Environment Pack/Prefabs/Bush_03.prefab using Guid(befc3921877d7224e9e2f6d593627c29) Importer(815301076,1909f56bfc062723c751e8b465ee728b) (PreviewImporter) -> (artifact id: '697f620f5d03738a18ccb7097c055961') in 0.004885709 seconds
Number of updated asset objects reloaded before import = 0Number of asset objects unloaded after import = 10

========================================================================
Received Import Request.
  Time since last request: 0.000038 seconds.
  path: Assets/Pandazole_Lowpoly_Asset_Bundle/Pandazole Nature Environment Pack/Prefabs/Bush_04.prefab
  artifactKey: Guid(109a651ca1907324f8411f98c5175cf5) Importer(815301076,1909f56bfc062723c751e8b465ee728b)
Start importing Assets/Pandazole_Lowpoly_Asset_Bundle/Pandazole Nature Environment Pack/Prefabs/Bush_04.prefab using Guid(109a651ca1907324f8411f98c5175cf5) Importer(815301076,1909f56bfc062723c751e8b465ee728b) (PreviewImporter) -> (artifact id: '82bb5986dd471687d759617fdcf13b5b') in 0.004542125 seconds
Number of updated asset objects reloaded before import = 0Number of asset objects unloaded after import = 10

========================================================================
Received Import Request.
  Time since last request: 0.000032 seconds.
  path: Assets/Pandazole_Lowpoly_Asset_Bundle/Pandazole Nature Environment Pack/Prefabs/Bush_02.prefab
  artifactKey: Guid(ea2e404c4f4ed1d41b78144c30acec63) Importer(815301076,1909f56bfc062723c751e8b465ee728b)
Start importing Assets/Pandazole_Lowpoly_Asset_Bundle/Pandazole Nature Environment Pack/Prefabs/Bush_02.prefab using Guid(ea2e404c4f4ed1d41b78144c30acec63) Importer(815301076,1909f56bfc062723c751e8b465ee728b) (PreviewImporter) -> (artifact id: 'ca16fe8158985618fb0c1897c8bde19d') in 0.005341291 seconds
Number of updated asset objects reloaded before import = 0Number of asset objects unloaded after import = 10

========================================================================
Received Import Request.
  Time since last request: 0.000074 seconds.
  path: Assets/Pandazole_Lowpoly_Asset_Bundle/Pandazole Nature Environment Pack/Prefabs/Bush_08.prefab
  artifactKey: Guid(5f68e59d966f09c40acaa7371d15cd10) Importer(815301076,1909f56bfc062723c751e8b465ee728b)
Start importing Assets/Pandazole_Lowpoly_Asset_Bundle/Pandazole Nature Environment Pack/Prefabs/Bush_08.prefab using Guid(5f68e59d966f09c40acaa7371d15cd10) Importer(815301076,1909f56bfc062723c751e8b465ee728b) (PreviewImporter) -> (artifact id: 'a1a1eb9e670fce57147ba12581cd77da') in 0.005067042 seconds
Number of updated asset objects reloaded before import = 0Number of asset objects unloaded after import = 10

========================================================================
Received Import Request.
  Time since last request: 0.379573 seconds.
  path: Assets/Pandazole_Lowpoly_Asset_Bundle/Pandazole Survival Crafting Pack/Models/BonesCollection.fbx
  artifactKey: Guid(290d6408170d27241b172a364ad9315e) Importer(815301076,1909f56bfc062723c751e8b465ee728b)
Start importing Assets/Pandazole_Lowpoly_Asset_Bundle/Pandazole Survival Crafting Pack/Models/BonesCollection.fbx using Guid(290d6408170d27241b172a364ad9315e) Importer(815301076,1909f56bfc062723c751e8b465ee728b) (PreviewImporter) -> (artifact id: 'aca7a430bac5946877311912c4148db8') in 0.018926917 seconds
Number of updated asset objects reloaded before import = 0Number of asset objects unloaded after import = 9

========================================================================
Received Import Request.
  Time since last request: 0.000035 seconds.
  path: Assets/Pandazole_Lowpoly_Asset_Bundle/Pandazole Nature Environment Pack/Models/Bush_07.fbx
  artifactKey: Guid(5cc8ac67a0f285f45a51537ff04ee45b) Importer(815301076,1909f56bfc062723c751e8b465ee728b)
Start importing Assets/Pandazole_Lowpoly_Asset_Bundle/Pandazole Nature Environment Pack/Models/Bush_07.fbx using Guid(5cc8ac67a0f285f45a51537ff04ee45b) Importer(815301076,1909f56bfc062723c751e8b465ee728b) (PreviewImporter) -> (artifact id: '75d0eb59be341066540d848d2d11e625') in 0.006287875 seconds
Number of updated asset objects reloaded before import = 0Number of asset objects unloaded after import = 9

========================================================================
Received Import Request.
  Time since last request: 0.000028 seconds.
  path: Assets/Pandazole_Lowpoly_Asset_Bundle/Pandazole Nature Environment Pack/Models/Bush_11.fbx
  artifactKey: Guid(2adbd83f3eddc66409ee5ab72c4b3a31) Importer(815301076,1909f56bfc062723c751e8b465ee728b)
Start importing Assets/Pandazole_Lowpoly_Asset_Bundle/Pandazole Nature Environment Pack/Models/Bush_11.fbx using Guid(2adbd83f3eddc66409ee5ab72c4b3a31) Importer(815301076,1909f56bfc062723c751e8b465ee728b) (PreviewImporter) -> (artifact id: 'a4e17bd64ec7e7680d7631d7a5c9b312') in 0.006796958 seconds
Number of updated asset objects reloaded before import = 0Number of asset objects unloaded after import = 9

========================================================================
Received Import Request.
  Time since last request: 0.000225 seconds.
  path: Assets/Pandazole_Lowpoly_Asset_Bundle/Pandazole Survival Crafting Pack/Models/Bow_02.fbx
  artifactKey: Guid(8a06f866c26f36f4da32d97f6e75fe20) Importer(815301076,1909f56bfc062723c751e8b465ee728b)
Start importing Assets/Pandazole_Lowpoly_Asset_Bundle/Pandazole Survival Crafting Pack/Models/Bow_02.fbx using Guid(8a06f866c26f36f4da32d97f6e75fe20) Importer(815301076,1909f56bfc062723c751e8b465ee728b) (PreviewImporter) -> (artifact id: 'b3cfcb65269ad4af90b2b81a6c24e669') in 0.00610875 seconds
Number of updated asset objects reloaded before import = 0Number of asset objects unloaded after import = 9

========================================================================
Received Import Request.
  Time since last request: 0.000042 seconds.
  path: Assets/Pandazole_Lowpoly_Asset_Bundle/Pandazole Nature Environment Pack/Models/Bush_15.fbx
  artifactKey: Guid(6bbd8661067dce74aaf7cdddd156187d) Importer(815301076,1909f56bfc062723c751e8b465ee728b)
Start importing Assets/Pandazole_Lowpoly_Asset_Bundle/Pandazole Nature Environment Pack/Models/Bush_15.fbx using Guid(6bbd8661067dce74aaf7cdddd156187d) Importer(815301076,1909f56bfc062723c751e8b465ee728b) (PreviewImporter) -> (artifact id: 'f572eebbe398e6d479a49c21acbfff21') in 0.007022958 seconds
Number of updated asset objects reloaded before import = 0Number of asset objects unloaded after import = 9

========================================================================
Received Import Request.
  Time since last request: 0.000034 seconds.
  path: Assets/Pandazole_Lowpoly_Asset_Bundle/Pandazole Nature Environment Pack/Models/Bush_03.fbx
  artifactKey: Guid(9aeaa6d639d1081478970049a42fa3d9) Importer(815301076,1909f56bfc062723c751e8b465ee728b)
Start importing Assets/Pandazole_Lowpoly_Asset_Bundle/Pandazole Nature Environment Pack/Models/Bush_03.fbx using Guid(9aeaa6d639d1081478970049a42fa3d9) Importer(815301076,1909f56bfc062723c751e8b465ee728b) (PreviewImporter) -> (artifact id: '194d9c70b0ce0da77f42767b5c14307b') in 0.006100667 seconds
Number of updated asset objects reloaded before import = 0Number of asset objects unloaded after import = 9

========================================================================
Received Import Request.
  Time since last request: 0.000036 seconds.
  path: Assets/Pandazole_Lowpoly_Asset_Bundle/Pandazole Nature Environment Pack/Models/Cactus_02_A.fbx
  artifactKey: Guid(00d03e57ddc777c4692581d2bccce291) Importer(815301076,1909f56bfc062723c751e8b465ee728b)
Start importing Assets/Pandazole_Lowpoly_Asset_Bundle/Pandazole Nature Environment Pack/Models/Cactus_02_A.fbx using Guid(00d03e57ddc777c4692581d2bccce291) Importer(815301076,1909f56bfc062723c751e8b465ee728b) (PreviewImporter) -> (artifact id: '84a018427585fa4a0f166ffb95074961') in 0.005809458 seconds
Number of updated asset objects reloaded before import = 0Number of asset objects unloaded after import = 9

========================================================================
Received Import Request.
  Time since last request: 0.000087 seconds.
  path: Assets/Pandazole_Lowpoly_Asset_Bundle/Pandazole Nature Environment Pack/Models/Bush_02.fbx
  artifactKey: Guid(568073d5a4298464ba66ceb090c52fab) Importer(815301076,1909f56bfc062723c751e8b465ee728b)
Start importing Assets/Pandazole_Lowpoly_Asset_Bundle/Pandazole Nature Environment Pack/Models/Bush_02.fbx using Guid(568073d5a4298464ba66ceb090c52fab) Importer(815301076,1909f56bfc062723c751e8b465ee728b) (PreviewImporter) -> (artifact id: '93c31f9e69f330447f815add33991f18') in 0.005946875 seconds
Number of updated asset objects reloaded before import = 0Number of asset objects unloaded after import = 9

========================================================================
Received Import Request.
  Time since last request: 0.000028 seconds.
  path: Assets/Pandazole_Lowpoly_Asset_Bundle/Pandazole Nature Environment Pack/Models/Bush_12.fbx
  artifactKey: Guid(e61e47f061db62340ae096749c921521) Importer(815301076,1909f56bfc062723c751e8b465ee728b)
Start importing Assets/Pandazole_Lowpoly_Asset_Bundle/Pandazole Nature Environment Pack/Models/Bush_12.fbx using Guid(e61e47f061db62340ae096749c921521) Importer(815301076,1909f56bfc062723c751e8b465ee728b) (PreviewImporter) -> (artifact id: 'd3fe2d171c118eef8333f25e1c7f013f') in 0.006494833 seconds
Number of updated asset objects reloaded before import = 0Number of asset objects unloaded after import = 9

========================================================================
Received Import Request.
  Time since last request: 0.000029 seconds.
  path: Assets/Pandazole_Lowpoly_Asset_Bundle/Pandazole Nature Environment Pack/Models/Bush_08.fbx
  artifactKey: Guid(bf02fe5955dbe884581858c7d2940178) Importer(815301076,1909f56bfc062723c751e8b465ee728b)
Start importing Assets/Pandazole_Lowpoly_Asset_Bundle/Pandazole Nature Environment Pack/Models/Bush_08.fbx using Guid(bf02fe5955dbe884581858c7d2940178) Importer(815301076,1909f56bfc062723c751e8b465ee728b) (PreviewImporter) -> (artifact id: '3713c75890039c09399d8b49347cf04e') in 0.007218875 seconds
Number of updated asset objects reloaded before import = 0Number of asset objects unloaded after import = 9

========================================================================
Received Import Request.
  Time since last request: 0.000033 seconds.
  path: Assets/Pandazole_Lowpoly_Asset_Bundle/Pandazole Survival Crafting Pack/Models/Bow_03.fbx
  artifactKey: Guid(8bf035a065ee9b745971b2492d07aa4a) Importer(815301076,1909f56bfc062723c751e8b465ee728b)
Start importing Assets/Pandazole_Lowpoly_Asset_Bundle/Pandazole Survival Crafting Pack/Models/Bow_03.fbx using Guid(8bf035a065ee9b745971b2492d07aa4a) Importer(815301076,1909f56bfc062723c751e8b465ee728b) (PreviewImporter) -> (artifact id: 'e2830bdaf2b99db43994948108038d6d') in 0.006265917 seconds
Number of updated asset objects reloaded before import = 0Number of asset objects unloaded after import = 9

AssetImportWorkerClient::OnTransportError - code=2 error=End of file
