Unity Editor version:    6000.1.6f1 (d64b1a599cad)
Branch:                  6000.1/staging
Build type:              Release
Batch mode:              YES
macOS version:           Version 15.5 (Build 24F74)
Darwin version:          24.5.0
Architecture:            arm64
Running under Rosetta:   NO
Available memory:        16384 MB
Date:                    2025-07-11T04:43:14Z
Using pre-set license
Pro License: YES

COMMAND LINE ARGUMENTS:
/Applications/Unity/Hub/Editor/6000.1.6f1/Unity.app/Contents/MacOS/Unity
-adb2
-batchMode
-noUpm
-name
AssetImportWorker1
-projectPath
/Users/changshengyu/Library/Mobile Documents/com~apple~CloudDocs/ゼミUnity/My project (2)
-logFile
Logs/AssetImportWorker1.log
-srvPort
64550
-job-worker-count
4
-background-job-worker-count
8
-gc-helper-count
1
-name AssetImport
Successfully changed project path to: /Users/changshengyu/Library/Mobile Documents/com~apple~CloudDocs/ゼミUnity/My project (2)
/Users/changshengyu/Library/Mobile Documents/com~apple~CloudDocs/ゼミUnity/My project (2)
[UnityMemory] Configuration Parameters - Can be set up in boot.config
    "memorysetup-allocator-temp-initial-block-size-main=262144"
    "memorysetup-allocator-temp-initial-block-size-worker=262144"
    "memorysetup-bucket-allocator-granularity=16"
    "memorysetup-bucket-allocator-bucket-count=8"
    "memorysetup-bucket-allocator-block-size=33554432"
    "memorysetup-bucket-allocator-block-count=8"
    "memorysetup-main-allocator-block-size=16777216"
    "memorysetup-thread-allocator-block-size=16777216"
    "memorysetup-gfx-main-allocator-block-size=16777216"
    "memorysetup-gfx-thread-allocator-block-size=16777216"
    "memorysetup-cache-allocator-block-size=4194304"
    "memorysetup-typetree-allocator-block-size=2097152"
    "memorysetup-profiler-bucket-allocator-granularity=16"
    "memorysetup-profiler-bucket-allocator-bucket-count=8"
    "memorysetup-profiler-bucket-allocator-block-size=33554432"
    "memorysetup-profiler-bucket-allocator-block-count=8"
    "memorysetup-profiler-allocator-block-size=16777216"
    "memorysetup-profiler-editor-allocator-block-size=1048576"
    "memorysetup-temp-allocator-size-main=16777216"
    "memorysetup-job-temp-allocator-block-size=2097152"
    "memorysetup-job-temp-allocator-block-size-background=1048576"
    "memorysetup-job-temp-allocator-reduction-small-platforms=262144"
    "memorysetup-temp-allocator-size-background-worker=32768"
    "memorysetup-temp-allocator-size-job-worker=262144"
    "memorysetup-temp-allocator-size-preload-manager=33554432"
    "memorysetup-temp-allocator-size-nav-mesh-worker=65536"
    "memorysetup-temp-allocator-size-audio-worker=65536"
    "memorysetup-temp-allocator-size-cloud-worker=32768"
    "memorysetup-temp-allocator-size-gi-baking-worker=262144"
    "memorysetup-temp-allocator-size-gi-baking-worker=262144"
    "memorysetup-temp-allocator-size-gi-baking-worker=262144"
    "memorysetup-temp-allocator-size-gi-baking-worker=262144"
    "memorysetup-temp-allocator-size-gi-baking-worker=262144"
    "memorysetup-temp-allocator-size-gfx=262144"
Player connection [8689852160]  Target information:

Player connection [8689852160]  * "[IP] 172.22.3.112 [Port] 0 [Flags] 2 [Guid] 477732255 [EditorId] 477732255 [Version] 1048832 [Id] OSXEditor(0,zhangshengyudeMacBook-Pro.local) [Debug] 1 [PackageName] OSXEditor [ProjectName] Editor" 

Player connection [8689852160] Host joined multi-casting on [225.0.0.222:54997]...
Player connection [8689852160] Host joined alternative multi-casting on [225.0.0.222:34997]...
JobSystem: Creating JobQueue using job-worker-count value 4
Input System module state changed to: Initialized.
[Physics::Module] Initialized fallback backend.
[Physics::Module] Id: 0xdecafbad
Library Redirect Path: Library/
[Physics::Module] Selected backend.
[Physics::Module] Name: PhysX
[Physics::Module] Id: 0xf2b8ea05
[Physics::Module] SDK Version: 4.1.2
[Physics::Module] Integration Version: 1.0.0
[Physics::Module] Threading Mode: Multi-Threaded
Refreshing native plugins compatible for Editor in 3.99 ms, found 2 plugins.
Preloading 0 native plugins for Editor in 0.00 ms.
Initialize engine version: 6000.1.6f1 (d64b1a599cad)
[Subsystems] Discovering subsystems at path /Applications/Unity/Hub/Editor/6000.1.6f1/Unity.app/Contents/Resources/UnitySubsystems
[Subsystems] Discovering subsystems at path /Users/changshengyu/Library/Mobile Documents/com~apple~CloudDocs/ゼミUnity/My project (2)/Assets
GfxDevice: creating device client; kGfxThreadingModeNonThreaded
 preferred device: Apple M2 Pro (high power)
Metal devices available: 1
0: Apple M2 Pro (high power)
Using device Apple M2 Pro (high power)
Initializing Metal device caps: Apple M2 Pro
Initialize mono
Mono path[0] = '/Applications/Unity/Hub/Editor/6000.1.6f1/Unity.app/Contents/Managed'
Mono path[1] = '/Applications/Unity/Hub/Editor/6000.1.6f1/Unity.app/Contents/MonoBleedingEdge/lib/mono/unityjit-macos'
Mono config path = '/Applications/Unity/Hub/Editor/6000.1.6f1/Unity.app/Contents/MonoBleedingEdge/etc'
Using monoOptions --debugger-agent=transport=dt_socket,embedding=1,server=y,suspend=n,address=127.0.0.1:56399
Begin MonoManager ReloadAssembly
Registering precompiled unity dll's ...
Register platform support module: /Applications/Unity/Hub/Editor/6000.1.6f1/PlaybackEngines/WebGLSupport/UnityEditor.WebGL.Extensions.dll
Register platform support module: /Applications/Unity/Hub/Editor/6000.1.6f1/Unity.app/Contents/PlaybackEngines/MacStandaloneSupport/UnityEditor.OSXStandalone.Extensions.dll
Register platform support module: /Applications/Unity/Hub/Editor/6000.1.6f1/PlaybackEngines/iOSSupport/UnityEditor.iOS.Extensions.dll
Registered in 0.001472 seconds.
- Loaded All Assemblies, in  0.276 seconds
[usbmuxd] Start listen thread
[usbmuxd] Listen thread started
[usbmuxd] Send listen message
Native extension for iOS target not found
Native extension for OSXStandalone target not found
Native extension for WebGL target not found
Mono: successfully reloaded assembly
- Finished resetting the current domain, in  0.294 seconds
Domain Reload Profiling: 570ms
	BeginReloadAssembly (97ms)
		ExecutionOrderSort (0ms)
		DisableScriptedObjects (0ms)
		BackupInstance (0ms)
		ReleaseScriptingObjects (0ms)
		CreateAndSetChildDomain (0ms)
	RebuildCommonClasses (25ms)
	RebuildNativeTypeToScriptingClass (9ms)
	initialDomainReloadingComplete (29ms)
	LoadAllAssembliesAndSetupDomain (116ms)
		LoadAssemblies (97ms)
		RebuildTransferFunctionScriptingTraits (0ms)
		AnalyzeDomain (114ms)
			TypeCache.Refresh (113ms)
				TypeCache.ScanAssembly (103ms)
			BuildScriptInfoCaches (0ms)
			ResolveRequiredComponents (0ms)
	FinalizeReload (294ms)
		ReleaseScriptCaches (0ms)
		RebuildScriptCaches (0ms)
		SetupLoadedEditorAssemblies (264ms)
			LogAssemblyErrors (0ms)
			InitializePlatformSupportModulesInManaged (76ms)
			SetLoadedEditorAssemblies (3ms)
			BeforeProcessingInitializeOnLoad (52ms)
			ProcessInitializeOnLoadAttributes (91ms)
			ProcessInitializeOnLoadMethodAttributes (42ms)
			AfterProcessingInitializeOnLoad (0ms)
			EditorAssembliesLoaded (0ms)
		ExecutionOrderSort2 (0ms)
		AwakeInstancesAfterBackupRestoration (0ms)
========================================================================
Worker process is ready to serve import requests
Import Worker Mode flag is 0x00
Begin MonoManager ReloadAssembly
Duplicate assembly 'log4net.dll' with different versions detected, using 'Packages/com.unity.package-validation-suite/Lib/Editor/log4net.dll, AssemblyName=log4net, Version=2.0.8.0, Culture=neutral, PublicKeyToken=669e0ddf0bb1aa2a' and ignoring 'Packages/com.unity.collab-proxy/Lib/Editor/log4netPlastic.dll, AssemblyName=log4net, Version=1.2.15.0, Culture=neutral, PublicKeyToken=669e0ddf0bb1aa2a'.- Loaded All Assemblies, in  0.578 seconds
Refreshing native plugins compatible for Editor in 0.22 ms, found 2 plugins.
Native extension for iOS target not found
Native extension for OSXStandalone target not found
Native extension for WebGL target not found
Mono: successfully reloaded assembly
- Finished resetting the current domain, in  0.464 seconds
Domain Reload Profiling: 1042ms
	BeginReloadAssembly (94ms)
		ExecutionOrderSort (0ms)
		DisableScriptedObjects (3ms)
		BackupInstance (0ms)
		ReleaseScriptingObjects (0ms)
		CreateAndSetChildDomain (22ms)
	RebuildCommonClasses (27ms)
	RebuildNativeTypeToScriptingClass (9ms)
	initialDomainReloadingComplete (21ms)
	LoadAllAssembliesAndSetupDomain (426ms)
		LoadAssemblies (260ms)
		RebuildTransferFunctionScriptingTraits (0ms)
		AnalyzeDomain (211ms)
			TypeCache.Refresh (166ms)
				TypeCache.ScanAssembly (150ms)
			BuildScriptInfoCaches (35ms)
			ResolveRequiredComponents (8ms)
	FinalizeReload (465ms)
		ReleaseScriptCaches (0ms)
		RebuildScriptCaches (0ms)
		SetupLoadedEditorAssemblies (389ms)
			LogAssemblyErrors (0ms)
			InitializePlatformSupportModulesInManaged (8ms)
			SetLoadedEditorAssemblies (3ms)
			BeforeProcessingInitializeOnLoad (89ms)
			ProcessInitializeOnLoadAttributes (255ms)
			ProcessInitializeOnLoadMethodAttributes (33ms)
			AfterProcessingInitializeOnLoad (1ms)
			EditorAssembliesLoaded (0ms)
		ExecutionOrderSort2 (0ms)
		AwakeInstancesAfterBackupRestoration (2ms)
WARNING: Shader Unsupported: 'Hidden/Universal Render Pipeline/Terrain/Lit (Base Pass)' - All subshaders removed
WARNING: Shader Did you use #pragma only_renderers and omit this platform?
WARNING: Shader If subshaders removal was intentional, you may have forgotten turning Fallback off?
WARNING: Shader Unsupported: 'Hidden/Universal Render Pipeline/Terrain/Lit (Base Pass)' - All subshaders removed
WARNING: Shader Did you use #pragma only_renderers and omit this platform?
WARNING: Shader If subshaders removal was intentional, you may have forgotten turning Fallback off?
WARNING: Shader Unsupported: 'Universal Render Pipeline/VR/SpatialMapping/Wireframe' - All subshaders removed
WARNING: Shader Did you use #pragma only_renderers and omit this platform?
WARNING: Shader If subshaders removal was intentional, you may have forgotten turning Fallback off?
WARNING: Shader Unsupported: 'Universal Render Pipeline/VR/SpatialMapping/Wireframe' - All subshaders removed
WARNING: Shader Did you use #pragma only_renderers and omit this platform?
WARNING: Shader If subshaders removal was intentional, you may have forgotten turning Fallback off?
WARNING: Shader Unsupported: 'Universal Render Pipeline/Terrain/Lit' - All subshaders removed
WARNING: Shader Did you use #pragma only_renderers and omit this platform?
WARNING: Shader If subshaders removal was intentional, you may have forgotten turning Fallback off?
WARNING: Shader Unsupported: 'Universal Render Pipeline/Terrain/Lit' - All subshaders removed
WARNING: Shader Did you use #pragma only_renderers and omit this platform?
WARNING: Shader If subshaders removal was intentional, you may have forgotten turning Fallback off?
Launching external process: /Applications/Unity/Hub/Editor/6000.1.6f1/Unity.app/Contents/Tools/UnityShaderCompiler
Launched and connected shader compiler UnityShaderCompiler after 0.04 seconds
Refreshing native plugins compatible for Editor in 0.44 ms, found 2 plugins.
Preloading 0 native plugins for Editor in 0.00 ms.
Unloading 149 Unused Serialized files (Serialized files now loaded: 0)
Unloading 6400 unused Assets / (5.6 MB). Loaded Objects now: 6960.
Memory consumption went from 162.1 MB to 156.5 MB.
Total: 6.471666 ms (FindLiveObjects: 0.444709 ms CreateObjectMapping: 0.243291 ms MarkObjects: 3.692500 ms  DeleteObjects: 2.091000 ms)

========================================================================
Received Import Request.
  Time since last request: 601879.561846 seconds.
  path: Assets/Pandazole_Lowpoly_Asset_Bundle/Pandazole Survival Crafting Pack/Prefabs/Bow_02.prefab
  artifactKey: Guid(947e0e110b5dd104285498151eed9b7a) Importer(815301076,1909f56bfc062723c751e8b465ee728b)
Start importing Assets/Pandazole_Lowpoly_Asset_Bundle/Pandazole Survival Crafting Pack/Prefabs/Bow_02.prefab using Guid(947e0e110b5dd104285498151eed9b7a) Importer(815301076,1909f56bfc062723c751e8b465ee728b) (PreviewImporter) -> (artifact id: 'c07580e0de1aacb43c76a14e17c673a5') in 0.105471083 seconds
Number of updated asset objects reloaded before import = 0Number of asset objects unloaded after import = 10

========================================================================
Received Import Request.
  Time since last request: 0.000035 seconds.
  path: Assets/Pandazole_Lowpoly_Asset_Bundle/Pandazole Nature Environment Pack/Prefabs/Bush_05.prefab
  artifactKey: Guid(9fa3e40f27da7e541a2220a903ee3587) Importer(815301076,1909f56bfc062723c751e8b465ee728b)
Start importing Assets/Pandazole_Lowpoly_Asset_Bundle/Pandazole Nature Environment Pack/Prefabs/Bush_05.prefab using Guid(9fa3e40f27da7e541a2220a903ee3587) Importer(815301076,1909f56bfc062723c751e8b465ee728b) (PreviewImporter) -> (artifact id: 'e119b453b45656a466341193ec8f6da1') in 0.006323209 seconds
Number of updated asset objects reloaded before import = 0Number of asset objects unloaded after import = 10

========================================================================
Received Import Request.
  Time since last request: 0.000088 seconds.
  path: Assets/Pandazole_Lowpoly_Asset_Bundle/Pandazole Nature Environment Pack/Prefabs/Bush_14.prefab
  artifactKey: Guid(f2c1cc5982e4baf4b9b63f34494b83e9) Importer(815301076,1909f56bfc062723c751e8b465ee728b)
Start importing Assets/Pandazole_Lowpoly_Asset_Bundle/Pandazole Nature Environment Pack/Prefabs/Bush_14.prefab using Guid(f2c1cc5982e4baf4b9b63f34494b83e9) Importer(815301076,1909f56bfc062723c751e8b465ee728b) (PreviewImporter) -> (artifact id: '136657fbf9357d0f1aff33040a0bfd8d') in 0.005288459 seconds
Number of updated asset objects reloaded before import = 0Number of asset objects unloaded after import = 10

========================================================================
Received Import Request.
  Time since last request: 0.000083 seconds.
  path: Assets/Pandazole_Lowpoly_Asset_Bundle/Pandazole Nature Environment Pack/Prefabs/Bush_11.prefab
  artifactKey: Guid(215f1b67169bdbf45be11969f94d03bb) Importer(815301076,1909f56bfc062723c751e8b465ee728b)
Start importing Assets/Pandazole_Lowpoly_Asset_Bundle/Pandazole Nature Environment Pack/Prefabs/Bush_11.prefab using Guid(215f1b67169bdbf45be11969f94d03bb) Importer(815301076,1909f56bfc062723c751e8b465ee728b) (PreviewImporter) -> (artifact id: 'c2b976ac1652251a8efbc77cd899fc15') in 0.004989625 seconds
Number of updated asset objects reloaded before import = 0Number of asset objects unloaded after import = 10

========================================================================
Received Import Request.
  Time since last request: 0.000047 seconds.
  path: Assets/Pandazole_Lowpoly_Asset_Bundle/Pandazole Nature Environment Pack/Prefabs/Cactus_01_B.prefab
  artifactKey: Guid(d000da19c6361344b98d5f5f2640e258) Importer(815301076,1909f56bfc062723c751e8b465ee728b)
Start importing Assets/Pandazole_Lowpoly_Asset_Bundle/Pandazole Nature Environment Pack/Prefabs/Cactus_01_B.prefab using Guid(d000da19c6361344b98d5f5f2640e258) Importer(815301076,1909f56bfc062723c751e8b465ee728b) (PreviewImporter) -> (artifact id: '495dd9b83d81102b541b6ba7d91238bd') in 0.004050708 seconds
Number of updated asset objects reloaded before import = 0Number of asset objects unloaded after import = 10

========================================================================
Received Import Request.
  Time since last request: 0.000037 seconds.
  path: Assets/Pandazole_Lowpoly_Asset_Bundle/Pandazole Nature Environment Pack/Prefabs/Bush_06.prefab
  artifactKey: Guid(57d71f3669107ab43b5a078c857c172f) Importer(815301076,1909f56bfc062723c751e8b465ee728b)
Start importing Assets/Pandazole_Lowpoly_Asset_Bundle/Pandazole Nature Environment Pack/Prefabs/Bush_06.prefab using Guid(57d71f3669107ab43b5a078c857c172f) Importer(815301076,1909f56bfc062723c751e8b465ee728b) (PreviewImporter) -> (artifact id: '846098917c95a18b2f5b710f3ab38d07') in 0.003827084 seconds
Number of updated asset objects reloaded before import = 0Number of asset objects unloaded after import = 10

========================================================================
Received Import Request.
  Time since last request: 0.000032 seconds.
  path: Assets/Pandazole_Lowpoly_Asset_Bundle/Pandazole Nature Environment Pack/Prefabs/Bush_13.prefab
  artifactKey: Guid(fa158832b5528784e9a4ba2f370b9eeb) Importer(815301076,1909f56bfc062723c751e8b465ee728b)
Start importing Assets/Pandazole_Lowpoly_Asset_Bundle/Pandazole Nature Environment Pack/Prefabs/Bush_13.prefab using Guid(fa158832b5528784e9a4ba2f370b9eeb) Importer(815301076,1909f56bfc062723c751e8b465ee728b) (PreviewImporter) -> (artifact id: '3f24c6bd926bdf3d3130f33712bb5021') in 0.004854917 seconds
Number of updated asset objects reloaded before import = 0Number of asset objects unloaded after import = 10

========================================================================
Received Import Request.
  Time since last request: 0.000038 seconds.
  path: Assets/Pandazole_Lowpoly_Asset_Bundle/Pandazole Nature Environment Pack/Prefabs/Bush_10.prefab
  artifactKey: Guid(ea0c625b6e93b4349adb6e0ea0fc4241) Importer(815301076,1909f56bfc062723c751e8b465ee728b)
Start importing Assets/Pandazole_Lowpoly_Asset_Bundle/Pandazole Nature Environment Pack/Prefabs/Bush_10.prefab using Guid(ea0c625b6e93b4349adb6e0ea0fc4241) Importer(815301076,1909f56bfc062723c751e8b465ee728b) (PreviewImporter) -> (artifact id: '36ac29a074daf36b6909f80ca07885b6') in 0.004684542 seconds
Number of updated asset objects reloaded before import = 0Number of asset objects unloaded after import = 10

========================================================================
Received Import Request.
  Time since last request: 0.000032 seconds.
  path: Assets/Pandazole_Lowpoly_Asset_Bundle/Pandazole Survival Crafting Pack/Prefabs/Bow_03.prefab
  artifactKey: Guid(e45a9ca36b3206145897fdcc56264462) Importer(815301076,1909f56bfc062723c751e8b465ee728b)
Start importing Assets/Pandazole_Lowpoly_Asset_Bundle/Pandazole Survival Crafting Pack/Prefabs/Bow_03.prefab using Guid(e45a9ca36b3206145897fdcc56264462) Importer(815301076,1909f56bfc062723c751e8b465ee728b) (PreviewImporter) -> (artifact id: '0a90c8010f5435009803176e4419dbea') in 0.003881542 seconds
Number of updated asset objects reloaded before import = 0Number of asset objects unloaded after import = 10

========================================================================
Received Import Request.
  Time since last request: 0.000027 seconds.
  path: Assets/Pandazole_Lowpoly_Asset_Bundle/Pandazole Nature Environment Pack/Prefabs/Bush_12.prefab
  artifactKey: Guid(18c77c0c573275d4e877190655ed3c56) Importer(815301076,1909f56bfc062723c751e8b465ee728b)
Start importing Assets/Pandazole_Lowpoly_Asset_Bundle/Pandazole Nature Environment Pack/Prefabs/Bush_12.prefab using Guid(18c77c0c573275d4e877190655ed3c56) Importer(815301076,1909f56bfc062723c751e8b465ee728b) (PreviewImporter) -> (artifact id: '22c57eac1287f723ae55ed2ca2c9bcd0') in 0.005416333 seconds
Number of updated asset objects reloaded before import = 0Number of asset objects unloaded after import = 10

========================================================================
Received Import Request.
  Time since last request: 0.391387 seconds.
  path: Assets/Pandazole_Lowpoly_Asset_Bundle/Pandazole Survival Crafting Pack/Models/Bow_01.fbx
  artifactKey: Guid(92f9aa86f2483fd4ea98ad245f0f8d64) Importer(815301076,1909f56bfc062723c751e8b465ee728b)
Start importing Assets/Pandazole_Lowpoly_Asset_Bundle/Pandazole Survival Crafting Pack/Models/Bow_01.fbx using Guid(92f9aa86f2483fd4ea98ad245f0f8d64) Importer(815301076,1909f56bfc062723c751e8b465ee728b) (PreviewImporter) -> (artifact id: '6bac10290effdedc6a32627c32a5ab87') in 0.018873417 seconds
Number of updated asset objects reloaded before import = 0Number of asset objects unloaded after import = 9

========================================================================
Received Import Request.
  Time since last request: 0.000037 seconds.
  path: Assets/Pandazole_Lowpoly_Asset_Bundle/Pandazole Nature Environment Pack/Models/Bush_14.fbx
  artifactKey: Guid(79cfbc8bd3bcd1146b9e9296e8445407) Importer(815301076,1909f56bfc062723c751e8b465ee728b)
Start importing Assets/Pandazole_Lowpoly_Asset_Bundle/Pandazole Nature Environment Pack/Models/Bush_14.fbx using Guid(79cfbc8bd3bcd1146b9e9296e8445407) Importer(815301076,1909f56bfc062723c751e8b465ee728b) (PreviewImporter) -> (artifact id: 'eb40e0af8cc713cfc9c0b162e4f3f22e') in 0.006492458 seconds
Number of updated asset objects reloaded before import = 0Number of asset objects unloaded after import = 9

========================================================================
Received Import Request.
  Time since last request: 0.000031 seconds.
  path: Assets/Pandazole_Lowpoly_Asset_Bundle/Pandazole Nature Environment Pack/Models/Cactus_01_B.fbx
  artifactKey: Guid(6e16a86368f06824aa155b6abf39b9ff) Importer(815301076,1909f56bfc062723c751e8b465ee728b)
Start importing Assets/Pandazole_Lowpoly_Asset_Bundle/Pandazole Nature Environment Pack/Models/Cactus_01_B.fbx using Guid(6e16a86368f06824aa155b6abf39b9ff) Importer(815301076,1909f56bfc062723c751e8b465ee728b) (PreviewImporter) -> (artifact id: '5c8bfb932992202bcb26b9db8e204ef2') in 0.008067375 seconds
Number of updated asset objects reloaded before import = 0Number of asset objects unloaded after import = 9

========================================================================
Received Import Request.
  Time since last request: 0.000071 seconds.
  path: Assets/Pandazole_Lowpoly_Asset_Bundle/Pandazole Nature Environment Pack/Models/Bush_01.fbx
  artifactKey: Guid(9dc9874faac24b044b633df08dda995d) Importer(815301076,1909f56bfc062723c751e8b465ee728b)
Start importing Assets/Pandazole_Lowpoly_Asset_Bundle/Pandazole Nature Environment Pack/Models/Bush_01.fbx using Guid(9dc9874faac24b044b633df08dda995d) Importer(815301076,1909f56bfc062723c751e8b465ee728b) (PreviewImporter) -> (artifact id: 'fe8b33002f75230b83361f3c2b8f2826') in 0.00678425 seconds
Number of updated asset objects reloaded before import = 0Number of asset objects unloaded after import = 9

========================================================================
Received Import Request.
  Time since last request: 0.000087 seconds.
  path: Assets/Pandazole_Lowpoly_Asset_Bundle/Pandazole Nature Environment Pack/Models/Bush_10.fbx
  artifactKey: Guid(530c4ae1b7046bb4f881e80b90f88d62) Importer(815301076,1909f56bfc062723c751e8b465ee728b)
Start importing Assets/Pandazole_Lowpoly_Asset_Bundle/Pandazole Nature Environment Pack/Models/Bush_10.fbx using Guid(530c4ae1b7046bb4f881e80b90f88d62) Importer(815301076,1909f56bfc062723c751e8b465ee728b) (PreviewImporter) -> (artifact id: '1130eed0275c5792dc30ae47e24dbe15') in 0.006993166 seconds
Number of updated asset objects reloaded before import = 0Number of asset objects unloaded after import = 9

========================================================================
Received Import Request.
  Time since last request: 0.000031 seconds.
  path: Assets/Pandazole_Lowpoly_Asset_Bundle/Pandazole Nature Environment Pack/Models/Bush_04.fbx
  artifactKey: Guid(3d7ee7315f96e384b916bf112c5eee98) Importer(815301076,1909f56bfc062723c751e8b465ee728b)
Start importing Assets/Pandazole_Lowpoly_Asset_Bundle/Pandazole Nature Environment Pack/Models/Bush_04.fbx using Guid(3d7ee7315f96e384b916bf112c5eee98) Importer(815301076,1909f56bfc062723c751e8b465ee728b) (PreviewImporter) -> (artifact id: '5bf22f09088c0e057febd7957c272e95') in 0.007054458 seconds
Number of updated asset objects reloaded before import = 0Number of asset objects unloaded after import = 9

========================================================================
Received Import Request.
  Time since last request: 0.000024 seconds.
  path: Assets/Pandazole_Lowpoly_Asset_Bundle/Pandazole Nature Environment Pack/Models/Bush_05.fbx
  artifactKey: Guid(2d806d9b99770c543bde0e26f9bb421c) Importer(815301076,1909f56bfc062723c751e8b465ee728b)
Start importing Assets/Pandazole_Lowpoly_Asset_Bundle/Pandazole Nature Environment Pack/Models/Bush_05.fbx using Guid(2d806d9b99770c543bde0e26f9bb421c) Importer(815301076,1909f56bfc062723c751e8b465ee728b) (PreviewImporter) -> (artifact id: '0ff654c0215cb298ba410e0a4c0bfd4f') in 0.005835 seconds
Number of updated asset objects reloaded before import = 0Number of asset objects unloaded after import = 9

========================================================================
Received Import Request.
  Time since last request: 0.000109 seconds.
  path: Assets/Pandazole_Lowpoly_Asset_Bundle/Pandazole Nature Environment Pack/Models/Cactus_01_A.fbx
  artifactKey: Guid(6b104f003853eb24980fe2e54c8c8951) Importer(815301076,1909f56bfc062723c751e8b465ee728b)
Start importing Assets/Pandazole_Lowpoly_Asset_Bundle/Pandazole Nature Environment Pack/Models/Cactus_01_A.fbx using Guid(6b104f003853eb24980fe2e54c8c8951) Importer(815301076,1909f56bfc062723c751e8b465ee728b) (PreviewImporter) -> (artifact id: '4b2038adfe8db249199fa4e76d573c6a') in 0.006137334 seconds
Number of updated asset objects reloaded before import = 0Number of asset objects unloaded after import = 9

========================================================================
Received Import Request.
  Time since last request: 0.000034 seconds.
  path: Assets/Pandazole_Lowpoly_Asset_Bundle/Pandazole Nature Environment Pack/Models/Bush_09.fbx
  artifactKey: Guid(4e4a77f99685a224f824a17f23cb9af4) Importer(815301076,1909f56bfc062723c751e8b465ee728b)
Start importing Assets/Pandazole_Lowpoly_Asset_Bundle/Pandazole Nature Environment Pack/Models/Bush_09.fbx using Guid(4e4a77f99685a224f824a17f23cb9af4) Importer(815301076,1909f56bfc062723c751e8b465ee728b) (PreviewImporter) -> (artifact id: '121dc117ca9e2fb6cdf9af132237a9db') in 0.007187667 seconds
Number of updated asset objects reloaded before import = 0Number of asset objects unloaded after import = 9

========================================================================
Received Import Request.
  Time since last request: 0.000019 seconds.
  path: Assets/Pandazole_Lowpoly_Asset_Bundle/Pandazole Nature Environment Pack/Models/Bush_13.fbx
  artifactKey: Guid(5f35391e6326da942b91372612d47c8d) Importer(815301076,1909f56bfc062723c751e8b465ee728b)
Start importing Assets/Pandazole_Lowpoly_Asset_Bundle/Pandazole Nature Environment Pack/Models/Bush_13.fbx using Guid(5f35391e6326da942b91372612d47c8d) Importer(815301076,1909f56bfc062723c751e8b465ee728b) (PreviewImporter) -> (artifact id: '415cdf7710688ac2c308fca918f83139') in 0.005948291 seconds
Number of updated asset objects reloaded before import = 0Number of asset objects unloaded after import = 9

========================================================================
Received Import Request.
  Time since last request: 0.000036 seconds.
  path: Assets/Pandazole_Lowpoly_Asset_Bundle/Pandazole Nature Environment Pack/Models/Bush_06.fbx
  artifactKey: Guid(6043604b7da5f594b8a051e93f16b7bd) Importer(815301076,1909f56bfc062723c751e8b465ee728b)
Start importing Assets/Pandazole_Lowpoly_Asset_Bundle/Pandazole Nature Environment Pack/Models/Bush_06.fbx using Guid(6043604b7da5f594b8a051e93f16b7bd) Importer(815301076,1909f56bfc062723c751e8b465ee728b) (PreviewImporter) -> (artifact id: '1203d7922373d513635e14f27be85a71') in 0.006420625 seconds
Number of updated asset objects reloaded before import = 0Number of asset objects unloaded after import = 9

AssetImportWorkerClient::OnTransportError - code=2 error=End of file
